Test (2A): initial election ...
2022/06/06 18:05:14 raft.go:389: id: 0 term: 1 start requestvote
2022/06/06 18:05:14 raft.go:389: id: 1 term: 1 start requestvote
2022/06/06 18:05:14 raft.go:389: id: 2 term: 1 start requestvote
2022/06/06 18:05:14 raft.go:186: id: 1 term: 1 no vote 0 1
2022/06/06 18:05:14 raft.go:186: id: 2 term: 1 no vote 1 1
2022/06/06 18:05:14 raft.go:186: id: 2 term: 1 no vote 0 1
2022/06/06 18:05:14 raft.go:186: id: 0 term: 1 no vote 1 1
2022/06/06 18:05:14 raft.go:186: id: 1 term: 1 no vote 2 1
2022/06/06 18:05:14 raft.go:186: id: 0 term: 1 no vote 2 1
2022/06/06 18:05:14 raft.go:389: id: 1 term: 2 start requestvote
2022/06/06 18:05:14 raft.go:180: id: 2 term: 2 vote 1 2
2022/06/06 18:05:14 raft.go:180: id: 0 term: 2 vote 1 2
2022/06/06 18:05:14 raft.go:426: id: 1 term 2 be Leader
2022/06/06 18:05:15 raft.go:232: 1 2 to 2 2 append ok
2022/06/06 18:05:15 raft.go:232: 1 2 to 0 2 append ok
2022/06/06 18:05:15 raft.go:232: 1 2 to 2 2 append ok
2022/06/06 18:05:15 raft.go:232: 1 2 to 0 2 append ok
2022/06/06 18:05:15 raft.go:232: 1 2 to 2 2 append ok
2022/06/06 18:05:15 raft.go:232: 1 2 to 0 2 append ok
2022/06/06 18:05:15 raft.go:232: 1 2 to 2 2 append ok
2022/06/06 18:05:15 raft.go:232: 1 2 to 0 2 append ok
2022/06/06 18:05:15 raft.go:232: 1 2 to 2 2 append ok
2022/06/06 18:05:15 raft.go:232: 1 2 to 0 2 append ok
2022/06/06 18:05:15 raft.go:232: 1 2 to 0 2 append ok
2022/06/06 18:05:15 raft.go:232: 1 2 to 2 2 append ok
2022/06/06 18:05:15 raft.go:232: 1 2 to 2 2 append ok
2022/06/06 18:05:15 raft.go:232: 1 2 to 0 2 append ok
2022/06/06 18:05:15 raft.go:232: 1 2 to 0 2 append ok
2022/06/06 18:05:15 raft.go:232: 1 2 to 2 2 append ok
2022/06/06 18:05:15 raft.go:232: 1 2 to 2 2 append ok
2022/06/06 18:05:15 raft.go:232: 1 2 to 0 2 append ok
2022/06/06 18:05:15 raft.go:232: 1 2 to 2 2 append ok
2022/06/06 18:05:15 raft.go:232: 1 2 to 0 2 append ok
2022/06/06 18:05:16 raft.go:232: 1 2 to 2 2 append ok
2022/06/06 18:05:16 raft.go:232: 1 2 to 0 2 append ok
2022/06/06 18:05:16 raft.go:232: 1 2 to 0 2 append ok
2022/06/06 18:05:16 raft.go:232: 1 2 to 2 2 append ok
2022/06/06 18:05:16 raft.go:232: 1 2 to 0 2 append ok
2022/06/06 18:05:16 raft.go:232: 1 2 to 2 2 append ok
2022/06/06 18:05:16 raft.go:232: 1 2 to 0 2 append ok
2022/06/06 18:05:16 raft.go:232: 1 2 to 2 2 append ok
2022/06/06 18:05:16 raft.go:232: 1 2 to 0 2 append ok
2022/06/06 18:05:16 raft.go:232: 1 2 to 2 2 append ok
2022/06/06 18:05:16 raft.go:232: 1 2 to 2 2 append ok
2022/06/06 18:05:16 raft.go:232: 1 2 to 0 2 append ok
2022/06/06 18:05:16 raft.go:232: 1 2 to 2 2 append ok
2022/06/06 18:05:16 raft.go:232: 1 2 to 0 2 append ok
2022/06/06 18:05:16 raft.go:232: 1 2 to 0 2 append ok
2022/06/06 18:05:16 raft.go:232: 1 2 to 2 2 append ok
2022/06/06 18:05:16 raft.go:232: 1 2 to 0 2 append ok
2022/06/06 18:05:16 raft.go:232: 1 2 to 2 2 append ok
2022/06/06 18:05:16 raft.go:232: 1 2 to 2 2 append ok
2022/06/06 18:05:16 raft.go:232: 1 2 to 0 2 append ok
2022/06/06 18:05:17 raft.go:232: 1 2 to 2 2 append ok
2022/06/06 18:05:17 raft.go:232: 1 2 to 0 2 append ok
2022/06/06 18:05:17 raft.go:232: 1 2 to 2 2 append ok
2022/06/06 18:05:17 raft.go:232: 1 2 to 0 2 append ok
2022/06/06 18:05:17 raft.go:232: 1 2 to 2 2 append ok
2022/06/06 18:05:17 raft.go:232: 1 2 to 0 2 append ok
2022/06/06 18:05:17 raft.go:232: 1 2 to 0 2 append ok
2022/06/06 18:05:17 raft.go:232: 1 2 to 2 2 append ok
2022/06/06 18:05:17 raft.go:232: 1 2 to 0 2 append ok
2022/06/06 18:05:17 raft.go:232: 1 2 to 2 2 append ok
2022/06/06 18:05:17 raft.go:232: 1 2 to 2 2 append ok
2022/06/06 18:05:17 raft.go:232: 1 2 to 0 2 append ok
  ... Passed --   3.5  3   60    8716    0
Test (2A): election after network failure ...
2022/06/06 18:05:17 raft.go:389: id: 2 term: 1 start requestvote
2022/06/06 18:05:17 raft.go:389: id: 0 term: 1 start requestvote
2022/06/06 18:05:17 raft.go:389: id: 1 term: 1 start requestvote
2022/06/06 18:05:17 raft.go:186: id: 0 term: 1 no vote 2 1
2022/06/06 18:05:17 raft.go:186: id: 2 term: 1 no vote 0 1
2022/06/06 18:05:17 raft.go:186: id: 0 term: 1 no vote 1 1
2022/06/06 18:05:17 raft.go:186: id: 2 term: 1 no vote 1 1
2022/06/06 18:05:17 raft.go:186: id: 1 term: 1 no vote 0 1
2022/06/06 18:05:17 raft.go:186: id: 1 term: 1 no vote 2 1
2022/06/06 18:05:18 raft.go:389: id: 2 term: 2 start requestvote
2022/06/06 18:05:18 raft.go:180: id: 0 term: 2 vote 2 2
2022/06/06 18:05:18 raft.go:426: id: 2 term 2 be Leader
2022/06/06 18:05:18 raft.go:180: id: 1 term: 2 vote 2 2
2022/06/06 18:05:18 raft.go:232: 2 2 to 1 2 append ok
2022/06/06 18:05:18 raft.go:232: 2 2 to 0 2 append ok
--- FAIL: TestReElection2A (6.03s)
    config.go:460: expected one leader, got none
Test (2A): multiple elections ...
2022/06/06 18:05:23 raft.go:389: id: 0 term: 1 start requestvote
2022/06/06 18:05:23 raft.go:389: id: 3 term: 1 start requestvote
2022/06/06 18:05:23 raft.go:389: id: 5 term: 1 start requestvote
2022/06/06 18:05:23 raft.go:389: id: 1 term: 1 start requestvote
2022/06/06 18:05:23 raft.go:389: id: 2 term: 1 start requestvote
2022/06/06 18:05:23 raft.go:389: id: 4 term: 1 start requestvote
2022/06/06 18:05:23 raft.go:389: id: 6 term: 1 start requestvote
2022/06/06 18:05:23 raft.go:186: id: 1 term: 1 no vote 0 1
2022/06/06 18:05:23 raft.go:186: id: 6 term: 1 no vote 0 1
2022/06/06 18:05:23 raft.go:186: id: 5 term: 1 no vote 2 1
2022/06/06 18:05:23 raft.go:186: id: 0 term: 1 no vote 3 1
2022/06/06 18:05:23 raft.go:186: id: 4 term: 1 no vote 5 1
2022/06/06 18:05:23 raft.go:186: id: 1 term: 1 no vote 5 1
2022/06/06 18:05:23 raft.go:186: id: 2 term: 1 no vote 0 1
2022/06/06 18:05:23 raft.go:186: id: 2 term: 1 no vote 5 1
2022/06/06 18:05:23 raft.go:186: id: 3 term: 1 no vote 1 1
2022/06/06 18:05:23 raft.go:186: id: 5 term: 1 no vote 1 1
2022/06/06 18:05:23 raft.go:186: id: 3 term: 1 no vote 4 1
2022/06/06 18:05:23 raft.go:186: id: 6 term: 1 no vote 1 1
2022/06/06 18:05:23 raft.go:186: id: 4 term: 1 no vote 1 1
2022/06/06 18:05:23 raft.go:186: id: 1 term: 1 no vote 2 1
2022/06/06 18:05:23 raft.go:186: id: 3 term: 1 no vote 6 1
2022/06/06 18:05:23 raft.go:186: id: 6 term: 1 no vote 5 1
2022/06/06 18:05:23 raft.go:186: id: 2 term: 1 no vote 1 1
2022/06/06 18:05:23 raft.go:186: id: 0 term: 1 no vote 1 1
2022/06/06 18:05:23 raft.go:186: id: 6 term: 1 no vote 3 1
2022/06/06 18:05:23 raft.go:186: id: 2 term: 1 no vote 4 1
2022/06/06 18:05:23 raft.go:186: id: 3 term: 1 no vote 5 1
2022/06/06 18:05:23 raft.go:186: id: 5 term: 1 no vote 4 1
2022/06/06 18:05:23 raft.go:186: id: 6 term: 1 no vote 4 1
2022/06/06 18:05:23 raft.go:186: id: 2 term: 1 no vote 3 1
2022/06/06 18:05:23 raft.go:186: id: 5 term: 1 no vote 0 1
2022/06/06 18:05:23 raft.go:186: id: 4 term: 1 no vote 3 1
2022/06/06 18:05:23 raft.go:186: id: 0 term: 1 no vote 4 1
2022/06/06 18:05:23 raft.go:186: id: 1 term: 1 no vote 3 1
2022/06/06 18:05:23 raft.go:186: id: 0 term: 1 no vote 5 1
2022/06/06 18:05:23 raft.go:186: id: 3 term: 1 no vote 2 1
2022/06/06 18:05:23 raft.go:186: id: 0 term: 1 no vote 6 1
2022/06/06 18:05:23 raft.go:186: id: 0 term: 1 no vote 2 1
2022/06/06 18:05:23 raft.go:186: id: 4 term: 1 no vote 2 1
2022/06/06 18:05:23 raft.go:186: id: 4 term: 1 no vote 6 1
2022/06/06 18:05:23 raft.go:186: id: 3 term: 1 no vote 0 1
2022/06/06 18:05:23 raft.go:186: id: 6 term: 1 no vote 2 1
2022/06/06 18:05:23 raft.go:186: id: 4 term: 1 no vote 0 1
2022/06/06 18:05:23 raft.go:186: id: 5 term: 1 no vote 6 1
2022/06/06 18:05:23 raft.go:186: id: 2 term: 1 no vote 6 1
2022/06/06 18:05:23 raft.go:186: id: 1 term: 1 no vote 6 1
2022/06/06 18:05:23 raft.go:186: id: 1 term: 1 no vote 4 1
2022/06/06 18:05:23 raft.go:186: id: 5 term: 1 no vote 3 1
2022/06/06 18:05:24 raft.go:389: id: 6 term: 2 start requestvote
2022/06/06 18:05:24 raft.go:180: id: 4 term: 2 vote 6 2
2022/06/06 18:05:24 raft.go:180: id: 3 term: 2 vote 6 2
2022/06/06 18:05:24 raft.go:180: id: 1 term: 2 vote 6 2
2022/06/06 18:05:24 raft.go:180: id: 2 term: 2 vote 6 2
2022/06/06 18:05:24 raft.go:180: id: 5 term: 2 vote 6 2
2022/06/06 18:05:24 raft.go:426: id: 6 term 2 be Leader
2022/06/06 18:05:24 raft.go:180: id: 0 term: 2 vote 6 2
2022/06/06 18:05:24 raft.go:232: 6 2 to 4 2 append ok
2022/06/06 18:05:24 raft.go:232: 6 2 to 0 2 append ok
2022/06/06 18:05:24 raft.go:232: 6 2 to 3 2 append ok
2022/06/06 18:05:24 raft.go:232: 6 2 to 1 2 append ok
2022/06/06 18:05:24 raft.go:232: 6 2 to 5 2 append ok
2022/06/06 18:05:24 raft.go:232: 6 2 to 2 2 append ok
signal: interrupt
FAIL	6.824/raft	11.908s
